<?xml version="1.0" encoding="UTF-8"?>
<robot generator="Robot 7.1 (Python 3.8.10 on linux)" generated="2024-10-06T16:53:00.228834" rpa="false" schemaversion="5">
<suite id="s1" name="Cons Log With Variables" source="/home/dmitri/robot_frameworks/intro_robot_framework/Page_Navigation_and_Variables/cons_log_with_variables.robot">
<test id="s1-t1" name="Using Variables" line="9">
<kw name="Log To Console" owner="BuiltIn">
<arg>\nMy name is ${name}. My favorite color is ${color}. My favorite sport is ${sport}.</arg>
<doc>Logs the given message to the console.</doc>
<status status="PASS" start="2024-10-06T16:53:00.247330" elapsed="0.000483"/>
</kw>
<kw name="Set Variable" owner="BuiltIn">
<msg time="2024-10-06T16:53:00.248506" level="INFO">${name} = Dmitri</msg>
<var>${name}</var>
<arg>Dmitri</arg>
<doc>Returns the given values which can then be assigned to a variables.</doc>
<status status="PASS" start="2024-10-06T16:53:00.248235" elapsed="0.000302"/>
</kw>
<kw name="Set Variable" owner="BuiltIn">
<msg time="2024-10-06T16:53:00.248949" level="INFO">${color} = Green</msg>
<var>${color}</var>
<arg>Green</arg>
<doc>Returns the given values which can then be assigned to a variables.</doc>
<status status="PASS" start="2024-10-06T16:53:00.248829" elapsed="0.000138"/>
</kw>
<kw name="Set Variable" owner="BuiltIn">
<msg time="2024-10-06T16:53:00.249253" level="INFO">${sport} = Yoga</msg>
<var>${sport}</var>
<arg>Yoga</arg>
<doc>Returns the given values which can then be assigned to a variables.</doc>
<status status="PASS" start="2024-10-06T16:53:00.249118" elapsed="0.000158"/>
</kw>
<kw name="Log To Console" owner="BuiltIn">
<arg>\nMy name is ${name}. My favorite color is ${color}. My favorite sport is ${sport}.</arg>
<doc>Logs the given message to the console.</doc>
<status status="PASS" start="2024-10-06T16:53:00.249449" elapsed="0.000265"/>
</kw>
<status status="PASS" start="2024-10-06T16:53:00.246441" elapsed="0.003522"/>
</test>
<status status="PASS" start="2024-10-06T16:53:00.229837" elapsed="0.020536"/>
</suite>
<statistics>
<total>
<stat pass="1" fail="0" skip="0">All Tests</stat>
</total>
<tag>
</tag>
<suite>
<stat pass="1" fail="0" skip="0" id="s1" name="Cons Log With Variables">Cons Log With Variables</stat>
</suite>
</statistics>
<errors>
</errors>
</robot>
