<?xml version="1.0" encoding="UTF-8"?>
<robot generator="Robot 7.1 (Python 3.8.10 on linux)" generated="2024-10-06T12:25:48.913817" rpa="false" schemaversion="5">
<suite id="s1" name="Print Profile" source="/home/dmitri/robot_frameworks/intro_robot_framework/Keywords/print_profile.robot">
<test id="s1-t1" name="My Way To Print Profile" line="4">
<kw name="Set Variable" owner="BuiltIn">
<msg time="2024-10-06T12:25:48.931442" level="INFO">${first} = Dmitri</msg>
<var>${first}</var>
<arg>Dmitri</arg>
<doc>Returns the given values which can then be assigned to a variables.</doc>
<status status="PASS" start="2024-10-06T12:25:48.931219" elapsed="0.000258"/>
</kw>
<kw name="Set Variable" owner="BuiltIn">
<msg time="2024-10-06T12:25:48.931837" level="INFO">${last} = Dmitri</msg>
<var>${last}</var>
<arg>Dmitri</arg>
<doc>Returns the given values which can then be assigned to a variables.</doc>
<status status="PASS" start="2024-10-06T12:25:48.931695" elapsed="0.000161"/>
</kw>
<kw name="Set Variable" owner="BuiltIn">
<msg time="2024-10-06T12:25:48.932137" level="INFO">${title} = title</msg>
<var>${title}</var>
<arg>title</arg>
<doc>Returns the given values which can then be assigned to a variables.</doc>
<status status="PASS" start="2024-10-06T12:25:48.932023" elapsed="0.000132"/>
</kw>
<kw name="Print Profile">
<kw name="Log To Console" owner="BuiltIn">
<arg>\nProfile!</arg>
<doc>Logs the given message to the console.</doc>
<status status="PASS" start="2024-10-06T12:25:48.932773" elapsed="0.000166"/>
</kw>
<kw name="Log To Console" owner="BuiltIn">
<arg>First Name: "${firstName}"</arg>
<doc>Logs the given message to the console.</doc>
<status status="PASS" start="2024-10-06T12:25:48.933037" elapsed="0.000194"/>
</kw>
<kw name="Log To Console" owner="BuiltIn">
<arg>Last Name: "${lastName}"</arg>
<doc>Logs the given message to the console.</doc>
<status status="PASS" start="2024-10-06T12:25:48.933327" elapsed="0.000182"/>
</kw>
<kw name="Log To Console" owner="BuiltIn">
<arg>Title: "${title}"</arg>
<doc>Logs the given message to the console.</doc>
<status status="PASS" start="2024-10-06T12:25:48.933600" elapsed="0.000165"/>
</kw>
<arg>${first}</arg>
<arg>${last}</arg>
<arg>${title}</arg>
<status status="PASS" start="2024-10-06T12:25:48.932414" elapsed="0.001416"/>
</kw>
<status status="PASS" start="2024-10-06T12:25:48.930401" elapsed="0.003594"/>
</test>
<status status="PASS" start="2024-10-06T12:25:48.914808" elapsed="0.019619"/>
</suite>
<statistics>
<total>
<stat pass="1" fail="0" skip="0">All Tests</stat>
</total>
<tag>
</tag>
<suite>
<stat pass="1" fail="0" skip="0" id="s1" name="Print Profile">Print Profile</stat>
</suite>
</statistics>
<errors>
</errors>
</robot>
