<?xml version="1.0" encoding="UTF-8"?>
<robot generator="Robot 7.1 (Python 3.8.10 on linux)" generated="2024-10-05T19:35:55.321958" rpa="false" schemaversion="5">
<suite id="s1" name="Example-Settings" source="/home/dmitri/robot_frameworks/intro_robot_framework/Keywords/example-settings.robot">
<test id="s1-t1" name="Create an Invoice" line="6">
<kw name="Comment" owner="BuiltIn">
<arg>This is my first RobotFramework test case!</arg>
<doc>Displays the given messages in the log file as keyword arguments.</doc>
<status status="PASS" start="2024-10-05T19:35:55.660007" elapsed="0.000530"/>
</kw>
<kw name="Open Browser" owner="SeleniumLibrary">
<msg time="2024-10-05T19:35:55.661605" level="INFO">Opening browser 'chrome' to base url 'http://inv.beaufortfairmont.com/'.</msg>
<arg>http://inv.beaufortfairmont.com/</arg>
<arg>chrome</arg>
<doc>Opens a new browser instance to the optional ``url``.</doc>
<status status="PASS" start="2024-10-05T19:35:55.661127" elapsed="9.928188"/>
</kw>
<status status="PASS" start="2024-10-05T19:35:55.657488" elapsed="9.933863"/>
</test>
<status status="PASS" start="2024-10-05T19:35:55.323590" elapsed="10.269772"/>
</suite>
<statistics>
<total>
<stat pass="1" fail="0" skip="0">All Tests</stat>
</total>
<tag>
</tag>
<suite>
<stat pass="1" fail="0" skip="0" id="s1" name="Example-Settings">Example-Settings</stat>
</suite>
</statistics>
<errors>
</errors>
</robot>
