<?xml version="1.0" encoding="UTF-8"?>
<robot generator="Robot 7.1 (Python 3.8.10 on linux)" generated="2024-10-06T10:56:14.307247" rpa="false" schemaversion="5">
<suite id="s1" name="Example-Settings" source="/home/dmitri/robot_frameworks/intro_robot_framework/Keywords/example-settings.robot">
<test id="s1-t1" name="Create an Invoice" line="7">
<kw name="Comment" owner="BuiltIn">
<arg>This is my first RobotFramework test case!</arg>
<doc>Displays the given messages in the log file as keyword arguments.</doc>
<status status="PASS" start="2024-10-06T10:56:14.440410" elapsed="0.000208"/>
</kw>
<kw name="Open Browser" owner="SeleniumLibrary">
<msg time="2024-10-06T10:56:14.441448" level="INFO">Opening browser 'chrome' to base url 'http://inv.beaufortfairmont.com/'.</msg>
<arg>http://inv.beaufortfairmont.com/</arg>
<arg>chrome</arg>
<doc>Opens a new browser instance to the optional ``url``.</doc>
<status status="PASS" start="2024-10-06T10:56:14.441017" elapsed="8.900158"/>
</kw>
<status status="PASS" start="2024-10-06T10:56:14.439287" elapsed="8.903015"/>
</test>
<doc>Learn how to create Keywords</doc>
<status status="PASS" start="2024-10-06T10:56:14.308084" elapsed="9.035713"/>
</suite>
<statistics>
<total>
<stat pass="1" fail="0" skip="0">All Tests</stat>
</total>
<tag>
</tag>
<suite>
<stat pass="1" fail="0" skip="0" id="s1" name="Example-Settings">Example-Settings</stat>
</suite>
</statistics>
<errors>
</errors>
</robot>
